Build started 16/04/2014 04:52:04.
     1>Project "G:\MahGame\SlotMachine\Lab7\Lab7.vcxproj" on node 2 (build target(s)).
     1>InitializeBuildStatus:
         Creating "Debug\SlotMachine.unsuccessfulbuild" because "AlwaysCreate" was specified.
       ClCompile:
         C:\Program Files (x86)\Microsoft Visual Studio 10.0\VC\bin\CL.exe /c /Id3d9.lib /Id3dx9.lib /ZI /nologo /W3 /WX- /Od /Oy- /D _MBCS /Gm /EHsc /RTC1 /MDd /GS /fp:precise /Zc:wchar_t /Zc:forScope /Fo"Debug\\" /Fd"Debug\vc100.pdb" /Gd /TP /analyze- /errorReport:prompt main.cpp
         main.cpp
       ResourceCompile:
         All outputs are up-to-date.
       Link:
         C:\Program Files (x86)\Microsoft Visual Studio 10.0\VC\bin\link.exe /ERRORREPORT:PROMPT /OUT:"G:\MahGame\SlotMachine\Debug\SlotMachine.exe" /NOLOGO d3d9.lib d3dx9.lib DXUTOpt.lib winmm.lib dxerr.lib kernel32.lib user32.lib gdi32.lib winspool.lib comdlg32.lib advapi32.lib shell32.lib ole32.lib oleaut32.lib uuid.lib odbc32.lib odbccp32.lib /MANIFEST:NO /DEBUG /PDB:"G:\MahGame\SlotMachine\Debug\SlotMachine.pdb" /TLBID:1 /DYNAMICBASE /NXCOMPAT /IMPLIB:"G:\MahGame\SlotMachine\Debug\SlotMachine.lib" /MACHINE:X86 Debug\GameResources.res
         Debug\cFruit.obj
         Debug\cD3DManager.obj
         Debug\cD3DXFont.obj
         Debug\cD3DXSpriteMgr.obj
         Debug\cD3DXTexture.obj
         Debug\cExplosion.obj
         Debug\cHoldButton.obj
         Debug\cMatchMarker.obj
         Debug\cReel.obj
         Debug\cSprite.obj
         Debug\cXAudio.obj
         Debug\main.obj
         Debug\cButton.obj
         DXUT.lib
         DXUTOpt.lib
         Lab7.vcxproj -> G:\MahGame\SlotMachine\Debug\SlotMachine.exe
       FinalizeBuildStatus:
         Deleting file "Debug\SlotMachine.unsuccessfulbuild".
         Touching "Debug\SlotMachine.lastbuildstate".
     1>Done Building Project "G:\MahGame\SlotMachine\Lab7\Lab7.vcxproj" (build target(s)).

Build succeeded.

Time Elapsed 00:00:03.99
