C:\USERS\ALEXANDER\DESKTOP\MAHGAME\DIRECTXBLOONSWITHSOUND\DEBUG\LAB7.EXE
C:\USERS\ALEXANDER\DESKTOP\MAHGAME\DIRECTXBLOONSWITHSOUND\DEBUG\LAB7.ILK
C:\USERS\ALEXANDER\DESKTOP\MAHGAME\DIRECTXBLOONSWITHSOUND\DEBUG\LAB7.PDB
C:\USERS\ALEXANDER\DESKTOP\MAHGAME\DIRECTXBLOONSWITHSOUND\LAB7\DEBUG\CBALLOON.OBJ
C:\USERS\ALEXANDER\DESKTOP\MAHGAME\DIRECTXBLOONSWITHSOUND\LAB7\DEBUG\CBUTTON.OBJ
C:\USERS\ALEXANDER\DESKTOP\MAHGAME\DIRECTXBLOONSWITHSOUND\LAB7\DEBUG\CD3DMANAGER.OBJ
C:\USERS\ALEXANDER\DESKTOP\MAHGAME\DIRECTXBLOONSWITHSOUND\LAB7\DEBUG\CD3DXFONT.OBJ
C:\USERS\ALEXANDER\DESKTOP\MAHGAME\DIRECTXBLOONSWITHSOUND\LAB7\DEBUG\CD3DXSPRITEMGR.OBJ
C:\USERS\ALEXANDER\DESKTOP\MAHGAME\DIRECTXBLOONSWITHSOUND\LAB7\DEBUG\CD3DXTEXTURE.OBJ
C:\USERS\ALEXANDER\DESKTOP\MAHGAME\DIRECTXBLOONSWITHSOUND\LAB7\DEBUG\CEXPLOSION.OBJ
C:\USERS\ALEXANDER\DESKTOP\MAHGAME\DIRECTXBLOONSWITHSOUND\LAB7\DEBUG\CHOLDBUTTON.OBJ
C:\Users\Alexander\Desktop\MahGame\DirectxBloonswithsound\Lab7\Debug\cl.command.1.tlog
C:\Users\Alexander\Desktop\MahGame\DirectxBloonswithsound\Lab7\Debug\CL.read.1.tlog
C:\Users\Alexander\Desktop\MahGame\DirectxBloonswithsound\Lab7\Debug\CL.write.1.tlog
C:\USERS\ALEXANDER\DESKTOP\MAHGAME\DIRECTXBLOONSWITHSOUND\LAB7\DEBUG\CREEL.OBJ
C:\USERS\ALEXANDER\DESKTOP\MAHGAME\DIRECTXBLOONSWITHSOUND\LAB7\DEBUG\CSPRITE.OBJ
C:\USERS\ALEXANDER\DESKTOP\MAHGAME\DIRECTXBLOONSWITHSOUND\LAB7\DEBUG\CXAUDIO.OBJ
C:\USERS\ALEXANDER\DESKTOP\MAHGAME\DIRECTXBLOONSWITHSOUND\LAB7\DEBUG\GAMERESOURCES.RES
C:\Users\Alexander\Desktop\MahGame\DirectxBloonswithsound\Lab7\Debug\Lab7.write.1.tlog
C:\Users\Alexander\Desktop\MahGame\DirectxBloonswithsound\Lab7\Debug\link.command.1.tlog
C:\Users\Alexander\Desktop\MahGame\DirectxBloonswithsound\Lab7\Debug\link.read.1.tlog
C:\Users\Alexander\Desktop\MahGame\DirectxBloonswithsound\Lab7\Debug\link.read.3.tlog
C:\Users\Alexander\Desktop\MahGame\DirectxBloonswithsound\Lab7\Debug\link.write.1.tlog
C:\Users\Alexander\Desktop\MahGame\DirectxBloonswithsound\Lab7\Debug\link-cvtres.read.1.tlog
C:\Users\Alexander\Desktop\MahGame\DirectxBloonswithsound\Lab7\Debug\link-cvtres.write.1.tlog
C:\USERS\ALEXANDER\DESKTOP\MAHGAME\DIRECTXBLOONSWITHSOUND\LAB7\DEBUG\MAIN.OBJ
C:\Users\Alexander\Desktop\MahGame\DirectxBloonswithsound\Lab7\Debug\rc.command.1.tlog
C:\Users\Alexander\Desktop\MahGame\DirectxBloonswithsound\Lab7\Debug\rc.read.1.tlog
C:\Users\Alexander\Desktop\MahGame\DirectxBloonswithsound\Lab7\Debug\rc.write.1.tlog
C:\Users\Alexander\Desktop\MahGame\DirectxBloonswithsound\Lab7\Debug\vc100.idb
C:\USERS\ALEXANDER\DESKTOP\MAHGAME\DIRECTXBLOONSWITHSOUND\LAB7\DEBUG\VC100.PDB
